2019-01-28T16:21:47+00:00 CRITICAL Uncaught ArgumentCountError: Too few arguments to function fw_get_db_term_option(), 1 passed in C:\www\sana\wp-content\plugins\lt-ext\shortcodes\products_categories\view.php on line 96 and at least 2 expected in C:\www\sana\wp-content\plugins\unyson\framework\helpers\database.php:413
Stack trace:
#0 C:\www\sana\wp-content\plugins\lt-ext\shortcodes\products_categories\view.php(96): fw_get_db_term_option('subheader')
#1 C:\www\sana\wp-content\plugins\lt-ext\shortcodes\shortcodes.php(570): include('C:\\www\\sana\\wp-...')
#2 C:\www\sana\wp-content\plugins\lt-ext\shortcodes\products_categories\products_categories.php(99): like_sc_output('products_catego...', Array, '')
#3 C:\www\sana\wp-includes\shortcodes.php(319): like_sc_products_categories(Array, '', 'like_sc_product...')
#4 [internal function]: do_shortcode_tag(Array)
#5 C:\www\sana\wp-includes\shortcodes.php(197): preg_replace_callback('/\\[(\\[?)(like_s...', 'do_shortcode_ta...', '[like_sc_produc...')
#6 C:\www\sana\wp-content\plugins\js_composer\include\h in C:\www\sana\wp-content\plugins\unyson\framework\helpers\database.php on line 413

2019-01-28T16:21:52+00:00 CRITICAL Uncaught ArgumentCountError: Too few arguments to function fw_get_db_term_option(), 1 passed in C:\www\sana\wp-content\plugins\lt-ext\shortcodes\products_categories\view.php on line 96 and at least 2 expected in C:\www\sana\wp-content\plugins\unyson\framework\helpers\database.php:413
Stack trace:
#0 C:\www\sana\wp-content\plugins\lt-ext\shortcodes\products_categories\view.php(96): fw_get_db_term_option('subheader')
#1 C:\www\sana\wp-content\plugins\lt-ext\shortcodes\shortcodes.php(570): include('C:\\www\\sana\\wp-...')
#2 C:\www\sana\wp-content\plugins\lt-ext\shortcodes\products_categories\products_categories.php(99): like_sc_output('products_catego...', Array, '')
#3 C:\www\sana\wp-includes\shortcodes.php(319): like_sc_products_categories(Array, '', 'like_sc_product...')
#4 [internal function]: do_shortcode_tag(Array)
#5 C:\www\sana\wp-includes\shortcodes.php(197): preg_replace_callback('/\\[(\\[?)(like_s...', 'do_shortcode_ta...', '[like_sc_produc...')
#6 C:\www\sana\wp-content\plugins\js_composer\include\h in C:\www\sana\wp-content\plugins\unyson\framework\helpers\database.php on line 413

2019-01-28T16:24:07+00:00 CRITICAL syntax error, unexpected '$header' (T_VARIABLE), expecting ',' or ')' in C:\www\sana\wp-content\plugins\lt-ext\shortcodes\products_categories\view.php on line 98

2019-01-28T21:34:21+00:00 CRITICAL Maximum execution time of 120 seconds exceeded in C:\www\sana\wp-content\plugins\revslider\includes\template.class.php on line 372

2019-01-28T22:46:34+00:00 CRITICAL Uncaught Error: Call to undefined function submit_button() in C:\www\sana\wp-admin\includes\file.php:1767
Stack trace:
#0 C:\www\sana\wp-content\plugins\lt-ext\inc\functions.php(586): request_filesystem_credentials('themes.php?page...', 'ftpsockets', false, false, Array)
#1 C:\www\sana\wp-includes\class-wp-hook.php(286): ltx_wp_filesystem('')
#2 C:\www\sana\wp-includes\class-wp-hook.php(310): WP_Hook->apply_filters('', Array)
#3 C:\www\sana\wp-includes\plugin.php(453): WP_Hook->do_action(Array)
#4 C:\www\sana\wp-settings.php(451): do_action('after_setup_the...')
#5 C:\www\sana\wp-config.php(89): require_once('C:\\www\\sana\\wp-...')
#6 C:\www\sana\wp-load.php(37): require_once('C:\\www\\sana\\wp-...')
#7 C:\www\sana\wp-admin\admin-ajax.php(22): require_once('C:\\www\\sana\\wp-...')
#8 {main}
  thrown in C:\www\sana\wp-admin\includes\file.php on line 1767

